array.cfa:40:23: error: '[*]' not allowed in other than function prototype scope
array.cfa:46:24: error: '[*]' not allowed in other than function prototype scope
array.cfa: In function '_X4fredFv_i__1':
array.cfa:52:16: error: array size missing in '_X2a1A0i_2'
array.cfa:53:26: error: '[*]' not allowed in other than function prototype scope
array.cfa: At top level:
array.cfa:74:1: error: '[*]' not allowed in other than function prototype scope
